[05-Dec-2025 04:07:11 Asia/Seoul] PHP Fatal error:  Uncaught Error: Undefined constant "TOURAPI_KEY" in C:\Apache24\htdocs\TP\backend\event_api.php:290
Stack trace:
#0 C:\Apache24\htdocs\TP\backend\event_api.php(336): callTourApiForRegion('daejeon')
#1 C:\Apache24\htdocs\TP\backend\event_api.php(33): handleGetFestivals()
#2 {main}
  thrown in C:\Apache24\htdocs\TP\backend\event_api.php on line 290
[05-Dec-2025 04:07:11 Asia/Seoul] PHP Fatal error:  Uncaught Error: Undefined constant "TOURAPI_KEY" in C:\Apache24\htdocs\TP\backend\event_api.php:290
Stack trace:
#0 C:\Apache24\htdocs\TP\backend\event_api.php(336): callTourApiForRegion('busan')
#1 C:\Apache24\htdocs\TP\backend\event_api.php(33): handleGetFestivals()
#2 {main}
  thrown in C:\Apache24\htdocs\TP\backend\event_api.php on line 290
[05-Dec-2025 04:07:11 Asia/Seoul] PHP Fatal error:  Uncaught Error: Undefined constant "TOURAPI_KEY" in C:\Apache24\htdocs\TP\backend\event_api.php:290
Stack trace:
#0 C:\Apache24\htdocs\TP\backend\event_api.php(336): callTourApiForRegion('seoul')
#1 C:\Apache24\htdocs\TP\backend\event_api.php(33): handleGetFestivals()
#2 {main}
  thrown in C:\Apache24\htdocs\TP\backend\event_api.php on line 290
[05-Dec-2025 04:09:07 Asia/Seoul] PHP Fatal error:  Uncaught Error: Undefined constant "TOURAPI_KEY" in C:\Apache24\htdocs\TP\backend\event_api.php:290
Stack trace:
#0 C:\Apache24\htdocs\TP\backend\event_api.php(336): callTourApiForRegion('daejeon')
#1 C:\Apache24\htdocs\TP\backend\event_api.php(33): handleGetFestivals()
#2 {main}
  thrown in C:\Apache24\htdocs\TP\backend\event_api.php on line 290
[05-Dec-2025 04:09:07 Asia/Seoul] PHP Fatal error:  Uncaught Error: Undefined constant "TOURAPI_KEY" in C:\Apache24\htdocs\TP\backend\event_api.php:290
Stack trace:
#0 C:\Apache24\htdocs\TP\backend\event_api.php(336): callTourApiForRegion('busan')
#1 C:\Apache24\htdocs\TP\backend\event_api.php(33): handleGetFestivals()
#2 {main}
  thrown in C:\Apache24\htdocs\TP\backend\event_api.php on line 290
[05-Dec-2025 04:09:07 Asia/Seoul] PHP Fatal error:  Uncaught Error: Undefined constant "TOURAPI_KEY" in C:\Apache24\htdocs\TP\backend\event_api.php:290
Stack trace:
#0 C:\Apache24\htdocs\TP\backend\event_api.php(336): callTourApiForRegion('seoul')
#1 C:\Apache24\htdocs\TP\backend\event_api.php(33): handleGetFestivals()
#2 {main}
  thrown in C:\Apache24\htdocs\TP\backend\event_api.php on line 290
[05-Dec-2025 04:16:19 Asia/Seoul] PHP Fatal error:  Uncaught Error: Call to undefined function curl_init() in C:\Apache24\htdocs\TP\backend\event_api.php:310
Stack trace:
#0 C:\Apache24\htdocs\TP\backend\event_api.php(395): callTourApiForRegion('daejeon')
#1 C:\Apache24\htdocs\TP\backend\event_api.php(33): handleGetFestivals()
#2 {main}
  thrown in C:\Apache24\htdocs\TP\backend\event_api.php on line 310
[05-Dec-2025 04:16:19 Asia/Seoul] PHP Fatal error:  Uncaught Error: Call to undefined function curl_init() in C:\Apache24\htdocs\TP\backend\event_api.php:310
Stack trace:
#0 C:\Apache24\htdocs\TP\backend\event_api.php(395): callTourApiForRegion('busan')
#1 C:\Apache24\htdocs\TP\backend\event_api.php(33): handleGetFestivals()
#2 {main}
  thrown in C:\Apache24\htdocs\TP\backend\event_api.php on line 310
[05-Dec-2025 04:16:19 Asia/Seoul] PHP Fatal error:  Uncaught Error: Call to undefined function curl_init() in C:\Apache24\htdocs\TP\backend\event_api.php:310
Stack trace:
#0 C:\Apache24\htdocs\TP\backend\event_api.php(395): callTourApiForRegion('seoul')
#1 C:\Apache24\htdocs\TP\backend\event_api.php(33): handleGetFestivals()
#2 {main}
  thrown in C:\Apache24\htdocs\TP\backend\event_api.php on line 310
[05-Dec-2025 04:16:41 Asia/Seoul] PHP Fatal error:  Uncaught Error: Call to undefined function curl_init() in C:\Apache24\htdocs\TP\backend\event_api.php:310
Stack trace:
#0 C:\Apache24\htdocs\TP\backend\event_api.php(395): callTourApiForRegion('daejeon')
#1 C:\Apache24\htdocs\TP\backend\event_api.php(33): handleGetFestivals()
#2 {main}
  thrown in C:\Apache24\htdocs\TP\backend\event_api.php on line 310
[05-Dec-2025 04:16:41 Asia/Seoul] PHP Fatal error:  Uncaught Error: Call to undefined function curl_init() in C:\Apache24\htdocs\TP\backend\event_api.php:310
Stack trace:
#0 C:\Apache24\htdocs\TP\backend\event_api.php(395): callTourApiForRegion('busan')
#1 C:\Apache24\htdocs\TP\backend\event_api.php(33): handleGetFestivals()
#2 {main}
  thrown in C:\Apache24\htdocs\TP\backend\event_api.php on line 310
[05-Dec-2025 04:16:41 Asia/Seoul] PHP Fatal error:  Uncaught Error: Call to undefined function curl_init() in C:\Apache24\htdocs\TP\backend\event_api.php:310
Stack trace:
#0 C:\Apache24\htdocs\TP\backend\event_api.php(395): callTourApiForRegion('seoul')
#1 C:\Apache24\htdocs\TP\backend\event_api.php(33): handleGetFestivals()
#2 {main}
  thrown in C:\Apache24\htdocs\TP\backend\event_api.php on line 310
[05-Dec-2025 04:17:37 Asia/Seoul] PHP Fatal error:  Uncaught Error: Call to undefined function curl_init() in C:\Apache24\htdocs\TP\backend\event_api.php:310
Stack trace:
#0 C:\Apache24\htdocs\TP\backend\event_api.php(395): callTourApiForRegion('daejeon')
#1 C:\Apache24\htdocs\TP\backend\event_api.php(33): handleGetFestivals()
#2 {main}
  thrown in C:\Apache24\htdocs\TP\backend\event_api.php on line 310
[05-Dec-2025 04:17:37 Asia/Seoul] PHP Fatal error:  Uncaught Error: Call to undefined function curl_init() in C:\Apache24\htdocs\TP\backend\event_api.php:310
Stack trace:
#0 C:\Apache24\htdocs\TP\backend\event_api.php(395): callTourApiForRegion('busan')
#1 C:\Apache24\htdocs\TP\backend\event_api.php(33): handleGetFestivals()
#2 {main}
  thrown in C:\Apache24\htdocs\TP\backend\event_api.php on line 310
[05-Dec-2025 04:17:37 Asia/Seoul] PHP Fatal error:  Uncaught Error: Call to undefined function curl_init() in C:\Apache24\htdocs\TP\backend\event_api.php:310
Stack trace:
#0 C:\Apache24\htdocs\TP\backend\event_api.php(395): callTourApiForRegion('seoul')
#1 C:\Apache24\htdocs\TP\backend\event_api.php(33): handleGetFestivals()
#2 {main}
  thrown in C:\Apache24\htdocs\TP\backend\event_api.php on line 310
[05-Dec-2025 04:19:18 Asia/Seoul] PHP Fatal error:  Uncaught Error: Call to undefined function curl_init() in C:\Apache24\htdocs\TP\backend\event_api.php:310
Stack trace:
#0 C:\Apache24\htdocs\TP\backend\event_api.php(395): callTourApiForRegion('daejeon')
#1 C:\Apache24\htdocs\TP\backend\event_api.php(33): handleGetFestivals()
#2 {main}
  thrown in C:\Apache24\htdocs\TP\backend\event_api.php on line 310
[05-Dec-2025 04:19:21 Asia/Seoul] PHP Fatal error:  Uncaught Error: Call to undefined function curl_init() in C:\Apache24\htdocs\TP\backend\event_api.php:310
Stack trace:
#0 C:\Apache24\htdocs\TP\backend\event_api.php(395): callTourApiForRegion('daejeon')
#1 C:\Apache24\htdocs\TP\backend\event_api.php(33): handleGetFestivals()
#2 {main}
  thrown in C:\Apache24\htdocs\TP\backend\event_api.php on line 310
[05-Dec-2025 04:19:23 Asia/Seoul] PHP Fatal error:  Uncaught Error: Call to undefined function curl_init() in C:\Apache24\htdocs\TP\backend\event_api.php:310
Stack trace:
#0 C:\Apache24\htdocs\TP\backend\event_api.php(395): callTourApiForRegion('daejeon')
#1 C:\Apache24\htdocs\TP\backend\event_api.php(33): handleGetFestivals()
#2 {main}
  thrown in C:\Apache24\htdocs\TP\backend\event_api.php on line 310
[05-Dec-2025 04:22:51 Asia/Seoul] PHP Fatal error:  Uncaught Error: Call to undefined function curl_init() in C:\Apache24\htdocs\TP\backend\event_api.php:310
Stack trace:
#0 C:\Apache24\htdocs\TP\backend\event_api.php(395): callTourApiForRegion('daejeon')
#1 C:\Apache24\htdocs\TP\backend\event_api.php(33): handleGetFestivals()
#2 {main}
  thrown in C:\Apache24\htdocs\TP\backend\event_api.php on line 310
[05-Dec-2025 04:22:51 Asia/Seoul] PHP Fatal error:  Uncaught Error: Call to undefined function curl_init() in C:\Apache24\htdocs\TP\backend\event_api.php:310
Stack trace:
#0 C:\Apache24\htdocs\TP\backend\event_api.php(395): callTourApiForRegion('busan')
#1 C:\Apache24\htdocs\TP\backend\event_api.php(33): handleGetFestivals()
#2 {main}
  thrown in C:\Apache24\htdocs\TP\backend\event_api.php on line 310
[05-Dec-2025 04:22:52 Asia/Seoul] PHP Fatal error:  Uncaught Error: Call to undefined function curl_init() in C:\Apache24\htdocs\TP\backend\event_api.php:310
Stack trace:
#0 C:\Apache24\htdocs\TP\backend\event_api.php(395): callTourApiForRegion('seoul')
#1 C:\Apache24\htdocs\TP\backend\event_api.php(33): handleGetFestivals()
#2 {main}
  thrown in C:\Apache24\htdocs\TP\backend\event_api.php on line 310
[05-Dec-2025 04:27:27 Asia/Seoul] PHP Fatal error:  Uncaught Error: Call to undefined function curl_init() in C:\Apache24\htdocs\TP\backend\event_api.php:310
Stack trace:
#0 C:\Apache24\htdocs\TP\backend\event_api.php(395): callTourApiForRegion('daejeon')
#1 C:\Apache24\htdocs\TP\backend\event_api.php(33): handleGetFestivals()
#2 {main}
  thrown in C:\Apache24\htdocs\TP\backend\event_api.php on line 310
[05-Dec-2025 04:27:27 Asia/Seoul] PHP Fatal error:  Uncaught Error: Call to undefined function curl_init() in C:\Apache24\htdocs\TP\backend\event_api.php:310
Stack trace:
#0 C:\Apache24\htdocs\TP\backend\event_api.php(395): callTourApiForRegion('busan')
#1 C:\Apache24\htdocs\TP\backend\event_api.php(33): handleGetFestivals()
#2 {main}
  thrown in C:\Apache24\htdocs\TP\backend\event_api.php on line 310
[05-Dec-2025 04:27:27 Asia/Seoul] PHP Fatal error:  Uncaught Error: Call to undefined function curl_init() in C:\Apache24\htdocs\TP\backend\event_api.php:310
Stack trace:
#0 C:\Apache24\htdocs\TP\backend\event_api.php(395): callTourApiForRegion('seoul')
#1 C:\Apache24\htdocs\TP\backend\event_api.php(33): handleGetFestivals()
#2 {main}
  thrown in C:\Apache24\htdocs\TP\backend\event_api.php on line 310
[05-Dec-2025 04:28:09 Asia/Seoul] PHP Fatal error:  Uncaught Error: Call to undefined function curl_init() in C:\Apache24\htdocs\TP\backend\event_api.php:310
Stack trace:
#0 C:\Apache24\htdocs\TP\backend\event_api.php(395): callTourApiForRegion('daejeon')
#1 C:\Apache24\htdocs\TP\backend\event_api.php(33): handleGetFestivals()
#2 {main}
  thrown in C:\Apache24\htdocs\TP\backend\event_api.php on line 310
[05-Dec-2025 04:28:09 Asia/Seoul] PHP Fatal error:  Uncaught Error: Call to undefined function curl_init() in C:\Apache24\htdocs\TP\backend\event_api.php:310
Stack trace:
#0 C:\Apache24\htdocs\TP\backend\event_api.php(395): callTourApiForRegion('busan')
#1 C:\Apache24\htdocs\TP\backend\event_api.php(33): handleGetFestivals()
#2 {main}
  thrown in C:\Apache24\htdocs\TP\backend\event_api.php on line 310
[05-Dec-2025 04:28:09 Asia/Seoul] PHP Fatal error:  Uncaught Error: Call to undefined function curl_init() in C:\Apache24\htdocs\TP\backend\event_api.php:310
Stack trace:
#0 C:\Apache24\htdocs\TP\backend\event_api.php(395): callTourApiForRegion('seoul')
#1 C:\Apache24\htdocs\TP\backend\event_api.php(33): handleGetFestivals()
#2 {main}
  thrown in C:\Apache24\htdocs\TP\backend\event_api.php on line 310
[05-Dec-2025 04:28:25 Asia/Seoul] PHP Fatal error:  Uncaught Error: Call to undefined function curl_init() in C:\Apache24\htdocs\TP\backend\event_api.php:310
Stack trace:
#0 C:\Apache24\htdocs\TP\backend\event_api.php(395): callTourApiForRegion('daejeon')
#1 C:\Apache24\htdocs\TP\backend\event_api.php(33): handleGetFestivals()
#2 {main}
  thrown in C:\Apache24\htdocs\TP\backend\event_api.php on line 310
[05-Dec-2025 04:28:25 Asia/Seoul] PHP Fatal error:  Uncaught Error: Call to undefined function curl_init() in C:\Apache24\htdocs\TP\backend\event_api.php:310
Stack trace:
#0 C:\Apache24\htdocs\TP\backend\event_api.php(395): callTourApiForRegion('busan')
#1 C:\Apache24\htdocs\TP\backend\event_api.php(33): handleGetFestivals()
#2 {main}
  thrown in C:\Apache24\htdocs\TP\backend\event_api.php on line 310
[05-Dec-2025 04:28:25 Asia/Seoul] PHP Fatal error:  Uncaught Error: Call to undefined function curl_init() in C:\Apache24\htdocs\TP\backend\event_api.php:310
Stack trace:
#0 C:\Apache24\htdocs\TP\backend\event_api.php(395): callTourApiForRegion('seoul')
#1 C:\Apache24\htdocs\TP\backend\event_api.php(33): handleGetFestivals()
#2 {main}
  thrown in C:\Apache24\htdocs\TP\backend\event_api.php on line 310
[05-Dec-2025 12:18:11 Asia/Seoul] PHP Fatal error:  Uncaught Error: Call to undefined function curl_init() in C:\Apache24\htdocs\TP\backend\auth.php:75
Stack trace:
#0 C:\Apache24\htdocs\TP\backend\auth.php(19): handleKakaoLogin()
#1 {main}
  thrown in C:\Apache24\htdocs\TP\backend\auth.php on line 75
[05-Dec-2025 12:18:20 Asia/Seoul] PHP Fatal error:  Uncaught Error: Call to undefined function curl_init() in C:\Apache24\htdocs\TP\backend\auth.php:75
Stack trace:
#0 C:\Apache24\htdocs\TP\backend\auth.php(19): handleKakaoLogin()
#1 {main}
  thrown in C:\Apache24\htdocs\TP\backend\auth.php on line 75
[05-Dec-2025 12:21:46 Asia/Seoul] PHP Fatal error:  Uncaught Error: Call to undefined function curl_init() in C:\Apache24\htdocs\TP\backend\auth.php:75
Stack trace:
#0 C:\Apache24\htdocs\TP\backend\auth.php(19): handleKakaoLogin()
#1 {main}
  thrown in C:\Apache24\htdocs\TP\backend\auth.php on line 75
[05-Dec-2025 12:22:25 Asia/Seoul] PHP Fatal error:  Uncaught Error: Call to undefined function curl_init() in C:\Apache24\htdocs\TP\backend\auth.php:75
Stack trace:
#0 C:\Apache24\htdocs\TP\backend\auth.php(19): handleKakaoLogin()
#1 {main}
  thrown in C:\Apache24\htdocs\TP\backend\auth.php on line 75
[05-Dec-2025 12:27:40 Asia/Seoul] PHP Fatal error:  Uncaught Error: Call to undefined function curl_init() in C:\Apache24\htdocs\TP\backend\auth.php:75
Stack trace:
#0 C:\Apache24\htdocs\TP\backend\auth.php(19): handleKakaoLogin()
#1 {main}
  thrown in C:\Apache24\htdocs\TP\backend\auth.php on line 75
[05-Dec-2025 12:30:45 Asia/Seoul] PHP Fatal error:  Uncaught Error: Call to undefined function curl_init() in C:\Apache24\htdocs\TP\backend\auth.php:70
Stack trace:
#0 C:\Apache24\htdocs\TP\backend\auth.php(19): handleKakaoLogin()
#1 {main}
  thrown in C:\Apache24\htdocs\TP\backend\auth.php on line 70
[05-Dec-2025 12:34:19 Asia/Seoul] PHP Fatal error:  Uncaught Error: Call to undefined function curl_init() in C:\Apache24\htdocs\TP\backend\auth.php:72
Stack trace:
#0 C:\Apache24\htdocs\TP\backend\auth.php(21): handleKakaoLogin()
#1 {main}
  thrown in C:\Apache24\htdocs\TP\backend\auth.php on line 72
[05-Dec-2025 12:39:37 Asia/Seoul] PHP Fatal error:  Uncaught Error: Call to undefined function curl_init() in C:\Apache24\htdocs\TP\backend\auth.php:72
Stack trace:
#0 C:\Apache24\htdocs\TP\backend\auth.php(21): handleKakaoLogin()
#1 {main}
  thrown in C:\Apache24\htdocs\TP\backend\auth.php on line 72
[05-Dec-2025 12:42:15 Asia/Seoul] PHP Fatal error:  Uncaught Error: Call to undefined function curl_init() in C:\Apache24\htdocs\TP\backend\auth.php:72
Stack trace:
#0 C:\Apache24\htdocs\TP\backend\auth.php(21): handleKakaoLogin()
#1 {main}
  thrown in C:\Apache24\htdocs\TP\backend\auth.php on line 72
[05-Dec-2025 14:02:09 Asia/Seoul] PHP Fatal error:  Uncaught Error: Call to a member function prepare() on null in C:\Apache24\htdocs\TP\backend\auth.php:151
Stack trace:
#0 C:\Apache24\htdocs\TP\backend\auth.php(21): handleKakaoLogin()
#1 {main}
  thrown in C:\Apache24\htdocs\TP\backend\auth.php on line 151
[05-Dec-2025 14:21:02 Asia/Seoul] PHP Fatal error:  Uncaught Error: Call to a member function prepare() on null in C:\Apache24\htdocs\TP\backend\auth.php:149
Stack trace:
#0 C:\Apache24\htdocs\TP\backend\auth.php(21): handleKakaoLogin()
#1 {main}
  thrown in C:\Apache24\htdocs\TP\backend\auth.php on line 149
[05-Dec-2025 14:21:15 Asia/Seoul] PHP Fatal error:  Uncaught Error: Call to a member function prepare() on null in C:\Apache24\htdocs\TP\backend\auth.php:149
Stack trace:
#0 C:\Apache24\htdocs\TP\backend\auth.php(21): handleKakaoLogin()
#1 {main}
  thrown in C:\Apache24\htdocs\TP\backend\auth.php on line 149
[05-Dec-2025 14:47:50 Asia/Seoul] PHP Fatal error:  Uncaught Error: Call to a member function prepare() on null in C:\Apache24\htdocs\TP\backend\auth.php:151
Stack trace:
#0 C:\Apache24\htdocs\TP\backend\auth.php(21): handleKakaoLogin()
#1 {main}
  thrown in C:\Apache24\htdocs\TP\backend\auth.php on line 151
[05-Dec-2025 14:47:54 Asia/Seoul] PHP Fatal error:  Uncaught Error: Call to a member function prepare() on null in C:\Apache24\htdocs\TP\backend\auth.php:151
Stack trace:
#0 C:\Apache24\htdocs\TP\backend\auth.php(21): handleKakaoLogin()
#1 {main}
  thrown in C:\Apache24\htdocs\TP\backend\auth.php on line 151
[05-Dec-2025 14:55:16 Asia/Seoul] PHP Fatal error:  Uncaught Error: Call to a member function prepare() on null in C:\Apache24\htdocs\TP\backend\auth.php:151
Stack trace:
#0 C:\Apache24\htdocs\TP\backend\auth.php(21): handleKakaoLogin()
#1 {main}
  thrown in C:\Apache24\htdocs\TP\backend\auth.php on line 151
[05-Dec-2025 14:55:22 Asia/Seoul] PHP Fatal error:  Uncaught Error: Call to a member function prepare() on null in C:\Apache24\htdocs\TP\backend\auth.php:151
Stack trace:
#0 C:\Apache24\htdocs\TP\backend\auth.php(21): handleKakaoLogin()
#1 {main}
  thrown in C:\Apache24\htdocs\TP\backend\auth.php on line 151
[05-Dec-2025 14:55:34 Asia/Seoul] PHP Fatal error:  Uncaught Error: Call to a member function prepare() on null in C:\Apache24\htdocs\TP\backend\auth.php:151
Stack trace:
#0 C:\Apache24\htdocs\TP\backend\auth.php(21): handleKakaoLogin()
#1 {main}
  thrown in C:\Apache24\htdocs\TP\backend\auth.php on line 151
[05-Dec-2025 14:56:50 Asia/Seoul] PHP Fatal error:  Uncaught Error: Call to a member function prepare() on null in C:\Apache24\htdocs\TP\backend\auth.php:151
Stack trace:
#0 C:\Apache24\htdocs\TP\backend\auth.php(21): handleKakaoLogin()
#1 {main}
  thrown in C:\Apache24\htdocs\TP\backend\auth.php on line 151
