[2025-12-05 03:49:51] [AUTH] 로그인 실패: 존재하지 않는 사용자 - jinmi3096@gmail.com
[2025-12-05 03:50:12] [AUTH] 로그인 실패: 존재하지 않는 사용자 - jinmi3096@gmail.com
[2025-12-05 03:50:22] [AUTH] 로그인 실패: 존재하지 않는 사용자 - jinmi3096@gmail.com
[2025-12-05 03:50:38] [AUTH] 로그인 실패: 존재하지 않는 사용자 - jinmi3096@gmail.com
[2025-12-05 03:52:14] [AUTH] 로그인 실패: 비밀번호 불일치 - jinmi3096@gmail.com
[2025-12-05 03:52:29] [AUTH] 로그인 실패: 비밀번호 불일치 - jinmi3096@gmail.com
[2025-12-05 04:03:52] [USER] 사용자 활동: jinmi3096@gmail.com - 로그인
[2025-12-05 04:03:55] [ERROR] 축제 데이터 조회 실패 (daejeon): TourAPI 호출 실패: https://apis.data.go.kr/B551011/KorService2/searchFestival2?serviceKey=577f809b4049e298c064b73a321c74531af6a1ed55a7d711069d8e6f143619a6&MobileOS=ETC&MobileApp=TEST&_type=json&pageNo=1&areaCode=3&eventStartDate=20251201&eventEndDate=20261231&numOfRows=50
[2025-12-05 04:03:55] [ERROR] 축제 데이터 조회 실패 (busan): TourAPI 호출 실패: https://apis.data.go.kr/B551011/KorService2/searchFestival2?serviceKey=577f809b4049e298c064b73a321c74531af6a1ed55a7d711069d8e6f143619a6&MobileOS=ETC&MobileApp=TEST&_type=json&pageNo=1&areaCode=6&eventStartDate=20250101&eventEndDate=20251231&numOfRows=50
[2025-12-05 04:03:55] [ERROR] 축제 데이터 조회 실패 (seoul): TourAPI 호출 실패: https://apis.data.go.kr/B551011/KorService2/searchFestival2?serviceKey=577f809b4049e298c064b73a321c74531af6a1ed55a7d711069d8e6f143619a6&MobileOS=ETC&MobileApp=TEST&_type=json&pageNo=1&areaCode=1&eventStartDate=20241205&eventEndDate=20261205&numOfRows=100
[2025-12-05 04:12:07] [ERROR] 축제 데이터 조회 실패 (daejeon): TourAPI 호출 실패: https://apis.data.go.kr/B551011/KorService2/searchFestival2?serviceKey=577f809b4049e298c064b73a321c74531af6a1ed55a7d711069d8e6f143619a6&MobileOS=ETC&MobileApp=TEST&_type=json&pageNo=1&areaCode=3&eventStartDate=20251201&eventEndDate=20261231&numOfRows=50
[2025-12-05 04:12:07] [ERROR] 축제 데이터 조회 실패 (busan): TourAPI 호출 실패: https://apis.data.go.kr/B551011/KorService2/searchFestival2?serviceKey=577f809b4049e298c064b73a321c74531af6a1ed55a7d711069d8e6f143619a6&MobileOS=ETC&MobileApp=TEST&_type=json&pageNo=1&areaCode=6&eventStartDate=20250101&eventEndDate=20251231&numOfRows=50
[2025-12-05 04:12:07] [ERROR] 축제 데이터 조회 실패 (seoul): TourAPI 호출 실패: https://apis.data.go.kr/B551011/KorService2/searchFestival2?serviceKey=577f809b4049e298c064b73a321c74531af6a1ed55a7d711069d8e6f143619a6&MobileOS=ETC&MobileApp=TEST&_type=json&pageNo=1&areaCode=1&eventStartDate=20241205&eventEndDate=20261205&numOfRows=100
[2025-12-05 04:16:19] [INFO] Tour API 호출 시도 (daejeon): https://apis.data.go.kr/B551011/KorService2/searchFestival2?serviceKey=577f809b4049e298c064b73a321c74531af6a1ed55a7d711069d8e6f143619a6&MobileOS=ETC&M...
[2025-12-05 04:16:19] [INFO] Tour API 호출 시도 (busan): https://apis.data.go.kr/B551011/KorService2/searchFestival2?serviceKey=577f809b4049e298c064b73a321c74531af6a1ed55a7d711069d8e6f143619a6&MobileOS=ETC&M...
[2025-12-05 04:16:19] [INFO] Tour API 호출 시도 (seoul): https://apis.data.go.kr/B551011/KorService2/searchFestival2?serviceKey=577f809b4049e298c064b73a321c74531af6a1ed55a7d711069d8e6f143619a6&MobileOS=ETC&M...
[2025-12-05 04:16:41] [INFO] Tour API 호출 시도 (daejeon): https://apis.data.go.kr/B551011/KorService2/searchFestival2?serviceKey=577f809b4049e298c064b73a321c74531af6a1ed55a7d711069d8e6f143619a6&MobileOS=ETC&M...
[2025-12-05 04:16:41] [INFO] Tour API 호출 시도 (busan): https://apis.data.go.kr/B551011/KorService2/searchFestival2?serviceKey=577f809b4049e298c064b73a321c74531af6a1ed55a7d711069d8e6f143619a6&MobileOS=ETC&M...
[2025-12-05 04:16:41] [INFO] Tour API 호출 시도 (seoul): https://apis.data.go.kr/B551011/KorService2/searchFestival2?serviceKey=577f809b4049e298c064b73a321c74531af6a1ed55a7d711069d8e6f143619a6&MobileOS=ETC&M...
[2025-12-05 04:17:37] [INFO] Tour API 호출 시도 (daejeon): https://apis.data.go.kr/B551011/KorService2/searchFestival2?serviceKey=577f809b4049e298c064b73a321c74531af6a1ed55a7d711069d8e6f143619a6&MobileOS=ETC&M...
[2025-12-05 04:17:37] [INFO] Tour API 호출 시도 (busan): https://apis.data.go.kr/B551011/KorService2/searchFestival2?serviceKey=577f809b4049e298c064b73a321c74531af6a1ed55a7d711069d8e6f143619a6&MobileOS=ETC&M...
[2025-12-05 04:17:37] [INFO] Tour API 호출 시도 (seoul): https://apis.data.go.kr/B551011/KorService2/searchFestival2?serviceKey=577f809b4049e298c064b73a321c74531af6a1ed55a7d711069d8e6f143619a6&MobileOS=ETC&M...
[2025-12-05 04:19:18] [INFO] Tour API 호출 시도 (daejeon): https://apis.data.go.kr/B551011/KorService2/searchFestival2?serviceKey=577f809b4049e298c064b73a321c74531af6a1ed55a7d711069d8e6f143619a6&MobileOS=ETC&M...
[2025-12-05 04:19:21] [INFO] Tour API 호출 시도 (daejeon): https://apis.data.go.kr/B551011/KorService2/searchFestival2?serviceKey=577f809b4049e298c064b73a321c74531af6a1ed55a7d711069d8e6f143619a6&MobileOS=ETC&M...
[2025-12-05 04:19:23] [INFO] Tour API 호출 시도 (daejeon): https://apis.data.go.kr/B551011/KorService2/searchFestival2?serviceKey=577f809b4049e298c064b73a321c74531af6a1ed55a7d711069d8e6f143619a6&MobileOS=ETC&M...
[2025-12-05 04:22:51] [INFO] Tour API 호출 시도 (daejeon): https://apis.data.go.kr/B551011/KorService2/searchFestival2?serviceKey=577f809b4049e298c064b73a321c74531af6a1ed55a7d711069d8e6f143619a6&MobileOS=ETC&M...
[2025-12-05 04:22:51] [INFO] Tour API 호출 시도 (busan): https://apis.data.go.kr/B551011/KorService2/searchFestival2?serviceKey=577f809b4049e298c064b73a321c74531af6a1ed55a7d711069d8e6f143619a6&MobileOS=ETC&M...
[2025-12-05 04:22:52] [INFO] Tour API 호출 시도 (seoul): https://apis.data.go.kr/B551011/KorService2/searchFestival2?serviceKey=577f809b4049e298c064b73a321c74531af6a1ed55a7d711069d8e6f143619a6&MobileOS=ETC&M...
[2025-12-05 04:27:27] [INFO] Tour API 호출 시도 (daejeon): https://apis.data.go.kr/B551011/KorService2/searchFestival2?serviceKey=577f809b4049e298c064b73a321c74531af6a1ed55a7d711069d8e6f143619a6&MobileOS=ETC&M...
[2025-12-05 04:27:27] [INFO] Tour API 호출 시도 (busan): https://apis.data.go.kr/B551011/KorService2/searchFestival2?serviceKey=577f809b4049e298c064b73a321c74531af6a1ed55a7d711069d8e6f143619a6&MobileOS=ETC&M...
[2025-12-05 04:27:27] [INFO] Tour API 호출 시도 (seoul): https://apis.data.go.kr/B551011/KorService2/searchFestival2?serviceKey=577f809b4049e298c064b73a321c74531af6a1ed55a7d711069d8e6f143619a6&MobileOS=ETC&M...
[2025-12-05 04:28:09] [INFO] Tour API 호출 시도 (daejeon): https://apis.data.go.kr/B551011/KorService2/searchFestival2?serviceKey=577f809b4049e298c064b73a321c74531af6a1ed55a7d711069d8e6f143619a6&MobileOS=ETC&M...
[2025-12-05 04:28:09] [INFO] Tour API 호출 시도 (busan): https://apis.data.go.kr/B551011/KorService2/searchFestival2?serviceKey=577f809b4049e298c064b73a321c74531af6a1ed55a7d711069d8e6f143619a6&MobileOS=ETC&M...
[2025-12-05 04:28:09] [INFO] Tour API 호출 시도 (seoul): https://apis.data.go.kr/B551011/KorService2/searchFestival2?serviceKey=577f809b4049e298c064b73a321c74531af6a1ed55a7d711069d8e6f143619a6&MobileOS=ETC&M...
[2025-12-05 04:28:25] [INFO] Tour API 호출 시도 (daejeon): https://apis.data.go.kr/B551011/KorService2/searchFestival2?serviceKey=577f809b4049e298c064b73a321c74531af6a1ed55a7d711069d8e6f143619a6&MobileOS=ETC&M...
[2025-12-05 04:28:25] [INFO] Tour API 호출 시도 (busan): https://apis.data.go.kr/B551011/KorService2/searchFestival2?serviceKey=577f809b4049e298c064b73a321c74531af6a1ed55a7d711069d8e6f143619a6&MobileOS=ETC&M...
[2025-12-05 04:28:25] [INFO] Tour API 호출 시도 (seoul): https://apis.data.go.kr/B551011/KorService2/searchFestival2?serviceKey=577f809b4049e298c064b73a321c74531af6a1ed55a7d711069d8e6f143619a6&MobileOS=ETC&M...
[2025-12-05 04:30:09] [INFO] Tour API 호출 시도 (daejeon): https://apis.data.go.kr/B551011/KorService2/searchFestival2?serviceKey=577f809b4049e298c064b73a321c74531af6a1ed55a7d711069d8e6f143619a6&MobileOS=ETC&M...
[2025-12-05 04:30:09] [ERROR] Tour API 호출 실패 (daejeon): file_get_contents(https://apis.data.go.kr/B551011/KorService2/searchFestival2?serviceKey=577f809b4049e298c064b73a321c74531af6a1ed55a7d711069d8e6f143619a6&amp;MobileOS=ETC&amp;MobileApp=TEST&amp;_type=json&amp;pageNo=1&amp;areaCode=3&amp;eventStartDate=20251201&amp;eventEndDate=20261231&amp;numOfRows=50): Failed to open stream: No such file or directory
[2025-12-05 04:30:09] [ERROR] 축제 데이터 조회 실패 (daejeon): API 호출 실패: file_get_contents(https://apis.data.go.kr/B551011/KorService2/searchFestival2?serviceKey=577f809b4049e298c064b73a321c74531af6a1ed55a7d711069d8e6f143619a6&amp;MobileOS=ETC&amp;MobileApp=TEST&amp;_type=json&amp;pageNo=1&amp;areaCode=3&amp;eventStartDate=20251201&amp;eventEndDate=20261231&amp;numOfRows=50): Failed to open stream: No such file or directory
[2025-12-05 04:30:09] [INFO] Tour API 호출 시도 (busan): https://apis.data.go.kr/B551011/KorService2/searchFestival2?serviceKey=577f809b4049e298c064b73a321c74531af6a1ed55a7d711069d8e6f143619a6&MobileOS=ETC&M...
[2025-12-05 04:30:09] [ERROR] Tour API 호출 실패 (busan): file_get_contents(https://apis.data.go.kr/B551011/KorService2/searchFestival2?serviceKey=577f809b4049e298c064b73a321c74531af6a1ed55a7d711069d8e6f143619a6&amp;MobileOS=ETC&amp;MobileApp=TEST&amp;_type=json&amp;pageNo=1&amp;areaCode=6&amp;eventStartDate=20250101&amp;eventEndDate=20251231&amp;numOfRows=50): Failed to open stream: No such file or directory
[2025-12-05 04:30:09] [ERROR] 축제 데이터 조회 실패 (busan): API 호출 실패: file_get_contents(https://apis.data.go.kr/B551011/KorService2/searchFestival2?serviceKey=577f809b4049e298c064b73a321c74531af6a1ed55a7d711069d8e6f143619a6&amp;MobileOS=ETC&amp;MobileApp=TEST&amp;_type=json&amp;pageNo=1&amp;areaCode=6&amp;eventStartDate=20250101&amp;eventEndDate=20251231&amp;numOfRows=50): Failed to open stream: No such file or directory
[2025-12-05 04:30:09] [INFO] Tour API 호출 시도 (seoul): https://apis.data.go.kr/B551011/KorService2/searchFestival2?serviceKey=577f809b4049e298c064b73a321c74531af6a1ed55a7d711069d8e6f143619a6&MobileOS=ETC&M...
[2025-12-05 04:30:09] [ERROR] Tour API 호출 실패 (seoul): file_get_contents(https://apis.data.go.kr/B551011/KorService2/searchFestival2?serviceKey=577f809b4049e298c064b73a321c74531af6a1ed55a7d711069d8e6f143619a6&amp;MobileOS=ETC&amp;MobileApp=TEST&amp;_type=json&amp;pageNo=1&amp;areaCode=1&amp;eventStartDate=20241205&amp;eventEndDate=20261205&amp;numOfRows=100): Failed to open stream: No such file or directory
[2025-12-05 04:30:09] [ERROR] 축제 데이터 조회 실패 (seoul): API 호출 실패: file_get_contents(https://apis.data.go.kr/B551011/KorService2/searchFestival2?serviceKey=577f809b4049e298c064b73a321c74531af6a1ed55a7d711069d8e6f143619a6&amp;MobileOS=ETC&amp;MobileApp=TEST&amp;_type=json&amp;pageNo=1&amp;areaCode=1&amp;eventStartDate=20241205&amp;eventEndDate=20261205&amp;numOfRows=100): Failed to open stream: No such file or directory
[2025-12-05 04:30:48] [INFO] Tour API 호출 시도 (daejeon): https://apis.data.go.kr/B551011/KorService2/searchFestival2?serviceKey=577f809b4049e298c064b73a321c74531af6a1ed55a7d711069d8e6f143619a6&MobileOS=ETC&M...
[2025-12-05 04:30:48] [ERROR] Tour API 호출 실패 (daejeon): file_get_contents(https://apis.data.go.kr/B551011/KorService2/searchFestival2?serviceKey=577f809b4049e298c064b73a321c74531af6a1ed55a7d711069d8e6f143619a6&amp;MobileOS=ETC&amp;MobileApp=TEST&amp;_type=json&amp;pageNo=1&amp;areaCode=3&amp;eventStartDate=20251201&amp;eventEndDate=20261231&amp;numOfRows=50): Failed to open stream: No such file or directory
[2025-12-05 04:30:48] [ERROR] 축제 데이터 조회 실패 (daejeon): API 호출 실패: file_get_contents(https://apis.data.go.kr/B551011/KorService2/searchFestival2?serviceKey=577f809b4049e298c064b73a321c74531af6a1ed55a7d711069d8e6f143619a6&amp;MobileOS=ETC&amp;MobileApp=TEST&amp;_type=json&amp;pageNo=1&amp;areaCode=3&amp;eventStartDate=20251201&amp;eventEndDate=20261231&amp;numOfRows=50): Failed to open stream: No such file or directory
[2025-12-05 04:30:52] [INFO] Tour API 호출 시도 (daejeon): https://apis.data.go.kr/B551011/KorService2/searchFestival2?serviceKey=577f809b4049e298c064b73a321c74531af6a1ed55a7d711069d8e6f143619a6&MobileOS=ETC&M...
[2025-12-05 04:30:52] [ERROR] Tour API 호출 실패 (daejeon): file_get_contents(https://apis.data.go.kr/B551011/KorService2/searchFestival2?serviceKey=577f809b4049e298c064b73a321c74531af6a1ed55a7d711069d8e6f143619a6&amp;MobileOS=ETC&amp;MobileApp=TEST&amp;_type=json&amp;pageNo=1&amp;areaCode=3&amp;eventStartDate=20251201&amp;eventEndDate=20261231&amp;numOfRows=50): Failed to open stream: No such file or directory
[2025-12-05 04:30:52] [ERROR] 축제 데이터 조회 실패 (daejeon): API 호출 실패: file_get_contents(https://apis.data.go.kr/B551011/KorService2/searchFestival2?serviceKey=577f809b4049e298c064b73a321c74531af6a1ed55a7d711069d8e6f143619a6&amp;MobileOS=ETC&amp;MobileApp=TEST&amp;_type=json&amp;pageNo=1&amp;areaCode=3&amp;eventStartDate=20251201&amp;eventEndDate=20261231&amp;numOfRows=50): Failed to open stream: No such file or directory
[2025-12-05 04:35:56] [INFO] Tour API 호출 시도 (daejeon): https://apis.data.go.kr/B551011/KorService2/searchFestival2?serviceKey=577f809b4049e298c064b73a321c74531af6a1ed55a7d711069d8e6f143619a6&MobileOS=ETC&M...
[2025-12-05 04:35:56] [ERROR] Tour API 호출 실패 (daejeon): file_get_contents(https://apis.data.go.kr/B551011/KorService2/searchFestival2?serviceKey=577f809b4049e298c064b73a321c74531af6a1ed55a7d711069d8e6f143619a6&amp;MobileOS=ETC&amp;MobileApp=TEST&amp;_type=json&amp;pageNo=1&amp;areaCode=3&amp;eventStartDate=20251201&amp;eventEndDate=20261231&amp;numOfRows=50): Failed to open stream: No such file or directory
[2025-12-05 04:35:56] [ERROR] 축제 데이터 조회 실패 (daejeon): API 호출 실패: file_get_contents(https://apis.data.go.kr/B551011/KorService2/searchFestival2?serviceKey=577f809b4049e298c064b73a321c74531af6a1ed55a7d711069d8e6f143619a6&amp;MobileOS=ETC&amp;MobileApp=TEST&amp;_type=json&amp;pageNo=1&amp;areaCode=3&amp;eventStartDate=20251201&amp;eventEndDate=20261231&amp;numOfRows=50): Failed to open stream: No such file or directory
[2025-12-05 05:20:28] [USER] 사용자 활동: jinmi3096@gmail.com - 프로필 업데이트
[2025-12-05 05:20:43] [USER] 사용자 활동: jinmi3096@gmail.com - 프로필 업데이트
[2025-12-05 10:59:41] [USER] 사용자 활동: jinmi3096@gmail.com - 로그인
[2025-12-05 10:59:52] [USER] 사용자 활동: jinmi3096@gmail.com - 프로필 업데이트
[2025-12-05 14:56:38] [USER] 사용자 활동: jinmi3096@gmail.com - 로그인
[2025-12-05 15:31:41] [USER] 사용자 활동: jinmi3096@gmail.com - 로그인
[2025-12-05 22:19:09] [USER] 사용자 활동: jinmi3096@gmail.com - 로그인
[2025-12-05 22:23:20] [USER] 사용자 활동: parkhyerin80 - 회원가입
[2025-12-05 22:23:28] [USER] 사용자 활동: parkhyerin80@gmail.com - 로그인
[2025-12-05 22:24:44] [USER] 사용자 활동: jinmi3096@gmail.com - 로그인
[2025-12-05 22:25:20] [USER] 사용자 활동: parkhyerin80@gmail.com - 로그인
[2025-12-05 22:27:42] [USER] 사용자 활동: jinmi3096@gmail.com - 로그인
